# JRE version: OpenJDK Runtime Environment (8.0_152-b01) (build 1.8.0_152-release-915-b01)
# Java VM: OpenJDK 64-Bit Server VM (25.152-b01 mixed mode windows-amd64 compressed oops)
Heap:
 PSYoungGen      total 372736K, used 306634K [0x00000000e0000000, 0x00000000f9d00000, 0x0000000100000000)
  eden space 330752K, 81% used [0x00000000e0000000,0x00000000f0880080,0x00000000f4300000)
  from space 41984K, 85% used [0x00000000f6f80000,0x00000000f92729a0,0x00000000f9880000)
  to   space 45568K, 0% used [0x00000000f4300000,0x00000000f4300000,0x00000000f6f80000)
 ParOldGen       total 161792K, used 106251K [0x00000000a0000000, 0x00000000a9e00000, 0x00000000e0000000)
  object space 161792K, 65% used [0x00000000a0000000,0x00000000a67c2e80,0x00000000a9e00000)
 Metaspace       used 81769K, capacity 86946K, committed 87168K, reserved 1124352K
  class space    used 10377K, capacity 11563K, committed 11648K, reserved 1048576K
GC Heap History (10 events):
Event: 2241.413 GC heap before
{Heap before GC invocations=33 (full 3):
 PSYoungGen      total 235520K, used 213361K [0x00000000e0000000, 0x00000000f3f00000, 0x0000000100000000)
  eden space 186880K, 100% used [0x00000000e0000000,0x00000000eb680000,0x00000000eb680000)
  from space 48640K, 54% used [0x00000000eb680000,0x00000000ed05c738,0x00000000ee600000)
  to   space 47616K, 0% used [0x00000000f1080000,0x00000000f1080000,0x00000000f3f00000)
 ParOldGen       total 161792K, used 78181K [0x00000000a0000000, 0x00000000a9e00000, 0x00000000e0000000)
  object space 161792K, 48% used [0x00000000a0000000,0x00000000a4c597f0,0x00000000a9e00000)
 Metaspace       used 80218K, capacity 85308K, committed 85376K, reserved 1124352K
  class space    used 10209K, capacity 11374K, committed 11392K, reserved 1048576K
Event: 2241.445 GC heap after
Heap after GC invocations=33 (full 3):
 PSYoungGen      total 274944K, used 16193K [0x00000000e0000000, 0x00000000f3b80000, 0x0000000100000000)
  eden space 230912K, 0% used [0x00000000e0000000,0x00000000e0000000,0x00000000ee180000)
  from space 44032K, 36% used [0x00000000f1080000,0x00000000f2050648,0x00000000f3b80000)
  to   space 46080K, 0% used [0x00000000ee180000,0x00000000ee180000,0x00000000f0e80000)
 ParOldGen       total 161792K, used 91021K [0x00000000a0000000, 0x00000000a9e00000, 0x00000000e0000000)
  object space 161792K, 56% used [0x00000000a0000000,0x00000000a58e3460,0x00000000a9e00000)
 Metaspace       used 80218K, capacity 85308K, committed 85376K, reserved 1124352K
  class space    used 10209K, capacity 11374K, committed 11392K, reserved 1048576K
}
Event: 2242.031 GC heap before
{Heap before GC invocations=34 (full 3):
 PSYoungGen      total 274944K, used 247105K [0x00000000e0000000, 0x00000000f3b80000, 0x0000000100000000)
  eden space 230912K, 100% used [0x00000000e0000000,0x00000000ee180000,0x00000000ee180000)
  from space 44032K, 36% used [0x00000000f1080000,0x00000000f2050648,0x00000000f3b80000)
  to   space 46080K, 0% used [0x00000000ee180000,0x00000000ee180000,0x00000000f0e80000)
 ParOldGen       total 161792K, used 91021K [0x00000000a0000000, 0x00000000a9e00000, 0x00000000e0000000)
  object space 161792K, 56% used [0x00000000a0000000,0x00000000a58e3460,0x00000000a9e00000)
 Metaspace       used 80237K, capacity 85308K, committed 85376K, reserved 1124352K
  class space    used 10209K, capacity 11374K, committed 11392K, reserved 1048576K
Event: 2242.063 GC heap after
Heap after GC invocations=34 (full 3):
 PSYoungGen      total 276992K, used 15777K [0x00000000e0000000, 0x00000000f6e00000, 0x0000000100000000)
  eden space 230912K, 0% used [0x00000000e0000000,0x00000000e0000000,0x00000000ee180000)
  from space 46080K, 34% used [0x00000000ee180000,0x00000000ef0e8628,0x00000000f0e80000)
  to   space 45056K, 0% used [0x00000000f4200000,0x00000000f4200000,0x00000000f6e00000)
 ParOldGen       total 161792K, used 94945K [0x00000000a0000000, 0x00000000a9e00000, 0x00000000e0000000)
  object space 161792K, 58% used [0x00000000a0000000,0x00000000a5cb8560,0x00000000a9e00000)
 Metaspace       used 80237K, capacity 85308K, committed 85376K, reserved 1124352K
  class space    used 10209K, capacity 11374K, committed 11392K, reserved 1048576K
}
Event: 2242.661 GC heap before
{Heap before GC invocations=35 (full 3):
 PSYoungGen      total 276992K, used 246689K [0x00000000e0000000, 0x00000000f6e00000, 0x0000000100000000)
  eden space 230912K, 100% used [0x00000000e0000000,0x00000000ee180000,0x00000000ee180000)
  from space 46080K, 34% used [0x00000000ee180000,0x00000000ef0e8628,0x00000000f0e80000)
  to   space 45056K, 0% used [0x00000000f4200000,0x00000000f4200000,0x00000000f6e00000)
 ParOldGen       total 161792K, used 94945K [0x00000000a0000000, 0x00000000a9e00000, 0x00000000e0000000)
  object space 161792K, 58% used [0x00000000a0000000,0x00000000a5cb8560,0x00000000a9e00000)
 Metaspace       used 80244K, capacity 85308K, committed 85376K, reserved 1124352K
  class space    used 10209K, capacity 11374K, committed 11392K, reserved 1048576K
Event: 2242.682 GC heap after
Heap after GC invocations=35 (full 3):
 PSYoungGen      total 324608K, used 14736K [0x00000000e0000000, 0x00000000f6a80000, 0x0000000100000000)
  eden space 283136K, 0% used [0x00000000e0000000,0x00000000e0000000,0x00000000f1480000)
  from space 41472K, 35% used [0x00000000f4200000,0x00000000f50640e0,0x00000000f6a80000)
  to   space 44032K, 0% used [0x00000000f1480000,0x00000000f1480000,0x00000000f3f80000)
 ParOldGen       total 161792K, used 98307K [0x00000000a0000000, 0x00000000a9e00000, 0x00000000e0000000)
  object space 161792K, 60% used [0x00000000a0000000,0x00000000a6000e80,0x00000000a9e00000)
 Metaspace       used 80244K, capacity 85308K, committed 85376K, reserved 1124352K
  class space    used 10209K, capacity 11374K, committed 11392K, reserved 1048576K
}
Event: 2243.771 GC heap before
{Heap before GC invocations=36 (full 3):
 PSYoungGen      total 324608K, used 297872K [0x00000000e0000000, 0x00000000f6a80000, 0x0000000100000000)
  eden space 283136K, 100% used [0x00000000e0000000,0x00000000f1480000,0x00000000f1480000)
  from space 41472K, 35% used [0x00000000f4200000,0x00000000f50640e0,0x00000000f6a80000)
  to   space 44032K, 0% used [0x00000000f1480000,0x00000000f1480000,0x00000000f3f80000)
 ParOldGen       total 161792K, used 98307K [0x00000000a0000000, 0x00000000a9e00000, 0x00000000e0000000)
  object space 161792K, 60% used [0x00000000a0000000,0x00000000a6000e80,0x00000000a9e00000)
 Metaspace       used 80290K, capacity 85384K, committed 85632K, reserved 1124352K
  class space    used 10213K, capacity 11376K, committed 11392K, reserved 1048576K
Event: 2243.803 GC heap after
Heap after GC invocations=36 (full 3):
 PSYoungGen      total 327168K, used 18620K [0x00000000e0000000, 0x00000000f9880000, 0x0000000100000000)
  eden space 283136K, 0% used [0x00000000e0000000,0x00000000e0000000,0x00000000f1480000)
  from space 44032K, 42% used [0x00000000f1480000,0x00000000f26af108,0x00000000f3f80000)
  to   space 41984K, 0% used [0x00000000f6f80000,0x00000000f6f80000,0x00000000f9880000)
 ParOldGen       total 161792K, used 101683K [0x00000000a0000000, 0x00000000a9e00000, 0x00000000e0000000)
  object space 161792K, 62% used [0x00000000a0000000,0x00000000a634ce80,0x00000000a9e00000)
 Metaspace       used 80290K, capacity 85384K, committed 85632K, reserved 1124352K
  class space    used 10213K, capacity 11376K, committed 11392K, reserved 1048576K
}
Event: 2246.120 GC heap before
{Heap before GC invocations=37 (full 3):
 PSYoungGen      total 327168K, used 301756K [0x00000000e0000000, 0x00000000f9880000, 0x0000000100000000)
  eden space 283136K, 100% used [0x00000000e0000000,0x00000000f1480000,0x00000000f1480000)
  from space 44032K, 42% used [0x00000000f1480000,0x00000000f26af108,0x00000000f3f80000)
  to   space 41984K, 0% used [0x00000000f6f80000,0x00000000f6f80000,0x00000000f9880000)
 ParOldGen       total 161792K, used 101683K [0x00000000a0000000, 0x00000000a9e00000, 0x00000000e0000000)
  object space 161792K, 62% used [0x00000000a0000000,0x00000000a634ce80,0x00000000a9e00000)
 Metaspace       used 81233K, capacity 86432K, committed 86528K, reserved 1124352K
  class space    used 10308K, capacity 11482K, committed 11520K, reserved 1048576K
Event: 2246.158 GC heap after
Heap after GC invocations=37 (full 3):
 PSYoungGen      total 372736K, used 35786K [0x00000000e0000000, 0x00000000f9d00000, 0x0000000100000000)
  eden space 330752K, 0% used [0x00000000e0000000,0x00000000e0000000,0x00000000f4300000)
  from space 41984K, 85% used [0x00000000f6f80000,0x00000000f92729a0,0x00000000f9880000)
  to   space 45568K, 0% used [0x00000000f4300000,0x00000000f4300000,0x00000000f6f80000)
 ParOldGen       total 161792K, used 106251K [0x00000000a0000000, 0x00000000a9e00000, 0x00000000e0000000)
  object space 161792K, 65% used [0x00000000a0000000,0x00000000a67c2e80,0x00000000a9e00000)
 Metaspace       used 81233K, capacity 86432K, committed 86528K, reserved 1124352K
  class space    used 10308K, capacity 11482K, committed 11520K, reserved 1048576K
}

