# JRE version: OpenJDK Runtime Environment (8.0_152-b01) (build 1.8.0_152-release-915-b01)
# Java VM: OpenJDK 64-Bit Server VM (25.152-b01 mixed mode windows-amd64 compressed oops)
Heap:
 PSYoungGen      total 202240K, used 77614K [0x00000000e0000000, 0x00000000ef080000, 0x0000000100000000)
  eden space 164352K, 28% used [0x00000000e0000000,0x00000000e2dd89d0,0x00000000ea080000)
  from space 37888K, 80% used [0x00000000eca00000,0x00000000ee7f2fc8,0x00000000eef00000)
  to   space 40960K, 0% used [0x00000000ea080000,0x00000000ea080000,0x00000000ec880000)
 ParOldGen       total 167424K, used 52178K [0x00000000a0000000, 0x00000000aa380000, 0x00000000e0000000)
  object space 167424K, 31% used [0x00000000a0000000,0x00000000a32f4968,0x00000000aa380000)
 Metaspace       used 79271K, capacity 83816K, committed 83968K, reserved 1122304K
  class space    used 10166K, capacity 11208K, committed 11264K, reserved 1048576K
GC Heap History (10 events):
Event: 5243.950 GC heap before
{Heap before GC invocations=17 (full 3):
 PSYoungGen      total 199168K, used 198789K [0x00000000e0000000, 0x00000000ee800000, 0x0000000100000000)
  eden space 190464K, 100% used [0x00000000e0000000,0x00000000eba00000,0x00000000eba00000)
  from space 8704K, 95% used [0x00000000ec200000,0x00000000eca217e0,0x00000000eca80000)
  to   space 23552K, 0% used [0x00000000ed100000,0x00000000ed100000,0x00000000ee800000)
 ParOldGen       total 167424K, used 46557K [0x00000000a0000000, 0x00000000aa380000, 0x00000000e0000000)
  object space 167424K, 27% used [0x00000000a0000000,0x00000000a2d77700,0x00000000aa380000)
 Metaspace       used 74260K, capacity 77974K, committed 78208K, reserved 1116160K
  class space    used 9689K, capacity 10559K, committed 10624K, reserved 1048576K
Event: 5243.981 GC heap after
Heap after GC invocations=17 (full 3):
 PSYoungGen      total 208384K, used 23541K [0x00000000e0000000, 0x00000000eec80000, 0x0000000100000000)
  eden space 184832K, 0% used [0x00000000e0000000,0x00000000e0000000,0x00000000eb480000)
  from space 23552K, 99% used [0x00000000ed100000,0x00000000ee7fd6a0,0x00000000ee800000)
  to   space 28672K, 0% used [0x00000000eb480000,0x00000000eb480000,0x00000000ed080000)
 ParOldGen       total 167424K, used 51618K [0x00000000a0000000, 0x00000000aa380000, 0x00000000e0000000)
  object space 167424K, 30% used [0x00000000a0000000,0x00000000a3268938,0x00000000aa380000)
 Metaspace       used 74260K, capacity 77974K, committed 78208K, reserved 1116160K
  class space    used 9689K, capacity 10559K, committed 10624K, reserved 1048576K
}
Event: 6105.189 GC heap before
{Heap before GC invocations=18 (full 3):
 PSYoungGen      total 208384K, used 208373K [0x00000000e0000000, 0x00000000eec80000, 0x0000000100000000)
  eden space 184832K, 100% used [0x00000000e0000000,0x00000000eb480000,0x00000000eb480000)
  from space 23552K, 99% used [0x00000000ed100000,0x00000000ee7fd6a0,0x00000000ee800000)
  to   space 28672K, 0% used [0x00000000eb480000,0x00000000eb480000,0x00000000ed080000)
 ParOldGen       total 167424K, used 51618K [0x00000000a0000000, 0x00000000aa380000, 0x00000000e0000000)
  object space 167424K, 30% used [0x00000000a0000000,0x00000000a3268938,0x00000000aa380000)
 Metaspace       used 77250K, capacity 81350K, committed 81536K, reserved 1120256K
  class space    used 10058K, capacity 11025K, committed 11136K, reserved 1048576K
Event: 6105.214 GC heap after
Heap after GC invocations=18 (full 3):
 PSYoungGen      total 204288K, used 25037K [0x00000000e0000000, 0x00000000eec00000, 0x0000000100000000)
  eden space 179200K, 0% used [0x00000000e0000000,0x00000000e0000000,0x00000000eaf00000)
  from space 25088K, 99% used [0x00000000eb480000,0x00000000eccf35a0,0x00000000ecd00000)
  to   space 31232K, 0% used [0x00000000ecd80000,0x00000000ecd80000,0x00000000eec00000)
 ParOldGen       total 167424K, used 51626K [0x00000000a0000000, 0x00000000aa380000, 0x00000000e0000000)
  object space 167424K, 30% used [0x00000000a0000000,0x00000000a326a938,0x00000000aa380000)
 Metaspace       used 77250K, capacity 81350K, committed 81536K, reserved 1120256K
  class space    used 10058K, capacity 11025K, committed 11136K, reserved 1048576K
}
Event: 6219.919 GC heap before
{Heap before GC invocations=19 (full 3):
 PSYoungGen      total 204288K, used 204237K [0x00000000e0000000, 0x00000000eec00000, 0x0000000100000000)
  eden space 179200K, 100% used [0x00000000e0000000,0x00000000eaf00000,0x00000000eaf00000)
  from space 25088K, 99% used [0x00000000eb480000,0x00000000eccf35a0,0x00000000ecd00000)
  to   space 31232K, 0% used [0x00000000ecd80000,0x00000000ecd80000,0x00000000eec00000)
 ParOldGen       total 167424K, used 51626K [0x00000000a0000000, 0x00000000aa380000, 0x00000000e0000000)
  object space 167424K, 30% used [0x00000000a0000000,0x00000000a326a938,0x00000000aa380000)
 Metaspace       used 77786K, capacity 82058K, committed 82304K, reserved 1120256K
  class space    used 10109K, capacity 11111K, committed 11136K, reserved 1048576K
Event: 6219.944 GC heap after
Heap after GC invocations=19 (full 3):
 PSYoungGen      total 205312K, used 27748K [0x00000000e0000000, 0x00000000eee00000, 0x0000000100000000)
  eden space 174080K, 0% used [0x00000000e0000000,0x00000000e0000000,0x00000000eaa00000)
  from space 31232K, 88% used [0x00000000ecd80000,0x00000000ee899198,0x00000000eec00000)
  to   space 34816K, 0% used [0x00000000eaa00000,0x00000000eaa00000,0x00000000ecc00000)
 ParOldGen       total 167424K, used 51890K [0x00000000a0000000, 0x00000000aa380000, 0x00000000e0000000)
  object space 167424K, 30% used [0x00000000a0000000,0x00000000a32ac950,0x00000000aa380000)
 Metaspace       used 77786K, capacity 82058K, committed 82304K, reserved 1120256K
  class space    used 10109K, capacity 11111K, committed 11136K, reserved 1048576K
}
Event: 6263.813 GC heap before
{Heap before GC invocations=20 (full 3):
 PSYoungGen      total 205312K, used 201079K [0x00000000e0000000, 0x00000000eee00000, 0x0000000100000000)
  eden space 174080K, 99% used [0x00000000e0000000,0x00000000ea944c90,0x00000000eaa00000)
  from space 31232K, 88% used [0x00000000ecd80000,0x00000000ee899198,0x00000000eec00000)
  to   space 34816K, 0% used [0x00000000eaa00000,0x00000000eaa00000,0x00000000ecc00000)
 ParOldGen       total 167424K, used 51890K [0x00000000a0000000, 0x00000000aa380000, 0x00000000e0000000)
  object space 167424K, 30% used [0x00000000a0000000,0x00000000a32ac950,0x00000000aa380000)
 Metaspace       used 78794K, capacity 83286K, committed 83456K, reserved 1122304K
  class space    used 10153K, capacity 11197K, committed 11264K, reserved 1048576K
Event: 6263.843 GC heap after
Heap after GC invocations=20 (full 3):
 PSYoungGen      total 199168K, used 29751K [0x00000000e0000000, 0x00000000eef00000, 0x0000000100000000)
  eden space 168960K, 0% used [0x00000000e0000000,0x00000000e0000000,0x00000000ea500000)
  from space 30208K, 98% used [0x00000000eaa00000,0x00000000ec70de00,0x00000000ec780000)
  to   space 37888K, 0% used [0x00000000eca00000,0x00000000eca00000,0x00000000eef00000)
 ParOldGen       total 167424K, used 51898K [0x00000000a0000000, 0x00000000aa380000, 0x00000000e0000000)
  object space 167424K, 30% used [0x00000000a0000000,0x00000000a32ae950,0x00000000aa380000)
 Metaspace       used 78794K, capacity 83286K, committed 83456K, reserved 1122304K
  class space    used 10153K, capacity 11197K, committed 11264K, reserved 1048576K
}
Event: 6278.178 GC heap before
{Heap before GC invocations=21 (full 3):
 PSYoungGen      total 199168K, used 198196K [0x00000000e0000000, 0x00000000eef00000, 0x0000000100000000)
  eden space 168960K, 99% used [0x00000000e0000000,0x00000000ea47f588,0x00000000ea500000)
  from space 30208K, 98% used [0x00000000eaa00000,0x00000000ec70de00,0x00000000ec780000)
  to   space 37888K, 0% used [0x00000000eca00000,0x00000000eca00000,0x00000000eef00000)
 ParOldGen       total 167424K, used 51898K [0x00000000a0000000, 0x00000000aa380000, 0x00000000e0000000)
  object space 167424K, 30% used [0x00000000a0000000,0x00000000a32ae950,0x00000000aa380000)
 Metaspace       used 79220K, capacity 83774K, committed 83968K, reserved 1122304K
  class space    used 10162K, capacity 11201K, committed 11264K, reserved 1048576K
Event: 6278.198 GC heap after
Heap after GC invocations=21 (full 3):
 PSYoungGen      total 202240K, used 30667K [0x00000000e0000000, 0x00000000ef080000, 0x0000000100000000)
  eden space 164352K, 0% used [0x00000000e0000000,0x00000000e0000000,0x00000000ea080000)
  from space 37888K, 80% used [0x00000000eca00000,0x00000000ee7f2fc8,0x00000000eef00000)
  to   space 40960K, 0% used [0x00000000ea080000,0x00000000ea080000,0x00000000ec880000)
 ParOldGen       total 167424K, used 52178K [0x00000000a0000000, 0x00000000aa380000, 0x00000000e0000000)
  object space 167424K, 31% used [0x00000000a0000000,0x00000000a32f4968,0x00000000aa380000)
 Metaspace       used 79220K, capacity 83774K, committed 83968K, reserved 1122304K
  class space    used 10162K, capacity 11201K, committed 11264K, reserved 1048576K
}

