# JRE version: OpenJDK Runtime Environment (8.0_152-b01) (build 1.8.0_152-release-915-b01)
# Java VM: OpenJDK 64-Bit Server VM (25.152-b01 mixed mode windows-amd64 compressed oops)
Heap:
 PSYoungGen      total 218624K, used 17619K [0x00000000e0000000, 0x00000000eee80000, 0x0000000100000000)
  eden space 194048K, 9% used [0x00000000e0000000,0x00000000e1134fc0,0x00000000ebd80000)
  from space 24576K, 0% used [0x00000000ed680000,0x00000000ed680000,0x00000000eee80000)
  to   space 25088K, 0% used [0x00000000ebd80000,0x00000000ebd80000,0x00000000ed600000)
 ParOldGen       total 162304K, used 31522K [0x00000000a0000000, 0x00000000a9e80000, 0x00000000e0000000)
  object space 162304K, 19% used [0x00000000a0000000,0x00000000a1ec8b00,0x00000000a9e80000)
 Metaspace       used 58258K, capacity 60360K, committed 60632K, reserved 1101824K
  class space    used 7891K, capacity 8353K, committed 8448K, reserved 1048576K
GC Heap History (10 events):
Event: 11.774 GC heap before
{Heap before GC invocations=13 (full 2):
 PSYoungGen      total 160768K, used 159006K [0x00000000e0000000, 0x00000000eb980000, 0x0000000100000000)
  eden space 147456K, 98% used [0x00000000e0000000,0x00000000e8e47ee0,0x00000000e9000000)
  from space 13312K, 99% used [0x00000000ea080000,0x00000000ead7fbd8,0x00000000ead80000)
  to   space 16896K, 0% used [0x00000000e9000000,0x00000000e9000000,0x00000000ea080000)
 ParOldGen       total 106496K, used 21587K [0x00000000a0000000, 0x00000000a6800000, 0x00000000e0000000)
  object space 106496K, 20% used [0x00000000a0000000,0x00000000a1514da8,0x00000000a6800000)
 Metaspace       used 55849K, capacity 57876K, committed 57944K, reserved 1099776K
  class space    used 7557K, capacity 8041K, committed 8064K, reserved 1048576K
Event: 11.790 GC heap after
Heap after GC invocations=13 (full 2):
 PSYoungGen      total 164352K, used 16869K [0x00000000e0000000, 0x00000000ed700000, 0x0000000100000000)
  eden space 147456K, 0% used [0x00000000e0000000,0x00000000e0000000,0x00000000e9000000)
  from space 16896K, 99% used [0x00000000e9000000,0x00000000ea079760,0x00000000ea080000)
  to   space 22528K, 0% used [0x00000000ec100000,0x00000000ec100000,0x00000000ed700000)
 ParOldGen       total 106496K, used 31793K [0x00000000a0000000, 0x00000000a6800000, 0x00000000e0000000)
  object space 106496K, 29% used [0x00000000a0000000,0x00000000a1f0c7f0,0x00000000a6800000)
 Metaspace       used 55849K, capacity 57876K, committed 57944K, reserved 1099776K
  class space    used 7557K, capacity 8041K, committed 8064K, reserved 1048576K
}
Event: 45.659 GC heap before
{Heap before GC invocations=14 (full 2):
 PSYoungGen      total 164352K, used 163725K [0x00000000e0000000, 0x00000000ed700000, 0x0000000100000000)
  eden space 147456K, 99% used [0x00000000e0000000,0x00000000e8f69f00,0x00000000e9000000)
  from space 16896K, 99% used [0x00000000e9000000,0x00000000ea079760,0x00000000ea080000)
  to   space 22528K, 0% used [0x00000000ec100000,0x00000000ec100000,0x00000000ed700000)
 ParOldGen       total 106496K, used 31793K [0x00000000a0000000, 0x00000000a6800000, 0x00000000e0000000)
  object space 106496K, 29% used [0x00000000a0000000,0x00000000a1f0c7f0,0x00000000a6800000)
 Metaspace       used 56469K, capacity 58592K, committed 58840K, reserved 1099776K
  class space    used 7620K, capacity 8107K, committed 8192K, reserved 1048576K
Event: 45.675 GC heap after
Heap after GC invocations=14 (full 2):
 PSYoungGen      total 191488K, used 19544K [0x00000000e0000000, 0x00000000ed600000, 0x0000000100000000)
  eden space 169984K, 0% used [0x00000000e0000000,0x00000000e0000000,0x00000000ea600000)
  from space 21504K, 90% used [0x00000000ec100000,0x00000000ed416100,0x00000000ed600000)
  to   space 24576K, 0% used [0x00000000ea600000,0x00000000ea600000,0x00000000ebe00000)
 ParOldGen       total 106496K, used 31801K [0x00000000a0000000, 0x00000000a6800000, 0x00000000e0000000)
  object space 106496K, 29% used [0x00000000a0000000,0x00000000a1f0e7f0,0x00000000a6800000)
 Metaspace       used 56469K, capacity 58592K, committed 58840K, reserved 1099776K
  class space    used 7620K, capacity 8107K, committed 8192K, reserved 1048576K
}
Event: 50.167 GC heap before
{Heap before GC invocations=15 (full 2):
 PSYoungGen      total 191488K, used 189194K [0x00000000e0000000, 0x00000000ed600000, 0x0000000100000000)
  eden space 169984K, 99% used [0x00000000e0000000,0x00000000ea5ac740,0x00000000ea600000)
  from space 21504K, 90% used [0x00000000ec100000,0x00000000ed416100,0x00000000ed600000)
  to   space 24576K, 0% used [0x00000000ea600000,0x00000000ea600000,0x00000000ebe00000)
 ParOldGen       total 106496K, used 31801K [0x00000000a0000000, 0x00000000a6800000, 0x00000000e0000000)
  object space 106496K, 29% used [0x00000000a0000000,0x00000000a1f0e7f0,0x00000000a6800000)
 Metaspace       used 56477K, capacity 58592K, committed 58840K, reserved 1099776K
  class space    used 7620K, capacity 8107K, committed 8192K, reserved 1048576K
Event: 50.187 GC heap after
Heap after GC invocations=15 (full 2):
 PSYoungGen      total 194560K, used 17905K [0x00000000e0000000, 0x00000000eef80000, 0x0000000100000000)
  eden space 169984K, 0% used [0x00000000e0000000,0x00000000e0000000,0x00000000ea600000)
  from space 24576K, 72% used [0x00000000ea600000,0x00000000eb77c640,0x00000000ebe00000)
  to   space 25600K, 0% used [0x00000000ed680000,0x00000000ed680000,0x00000000eef80000)
 ParOldGen       total 106496K, used 31809K [0x00000000a0000000, 0x00000000a6800000, 0x00000000e0000000)
  object space 106496K, 29% used [0x00000000a0000000,0x00000000a1f107f0,0x00000000a6800000)
 Metaspace       used 56477K, capacity 58592K, committed 58840K, reserved 1099776K
  class space    used 7620K, capacity 8107K, committed 8192K, reserved 1048576K
}
Event: 53.168 GC heap before
{Heap before GC invocations=16 (full 2):
 PSYoungGen      total 194560K, used 118270K [0x00000000e0000000, 0x00000000eef80000, 0x0000000100000000)
  eden space 169984K, 59% used [0x00000000e0000000,0x00000000e62034c0,0x00000000ea600000)
  from space 24576K, 72% used [0x00000000ea600000,0x00000000eb77c640,0x00000000ebe00000)
  to   space 25600K, 0% used [0x00000000ed680000,0x00000000ed680000,0x00000000eef80000)
 ParOldGen       total 106496K, used 31809K [0x00000000a0000000, 0x00000000a6800000, 0x00000000e0000000)
  object space 106496K, 29% used [0x00000000a0000000,0x00000000a1f107f0,0x00000000a6800000)
 Metaspace       used 56835K, capacity 58962K, committed 59028K, reserved 1099776K
  class space    used 7672K, capacity 8182K, committed 8192K, reserved 1048576K
Event: 53.187 GC heap after
Heap after GC invocations=16 (full 2):
 PSYoungGen      total 218624K, used 15158K [0x00000000e0000000, 0x00000000eee80000, 0x0000000100000000)
  eden space 194048K, 0% used [0x00000000e0000000,0x00000000e0000000,0x00000000ebd80000)
  from space 24576K, 61% used [0x00000000ed680000,0x00000000ee54d888,0x00000000eee80000)
  to   space 25088K, 0% used [0x00000000ebd80000,0x00000000ebd80000,0x00000000ed600000)
 ParOldGen       total 106496K, used 31817K [0x00000000a0000000, 0x00000000a6800000, 0x00000000e0000000)
  object space 106496K, 29% used [0x00000000a0000000,0x00000000a1f127f0,0x00000000a6800000)
 Metaspace       used 56835K, capacity 58962K, committed 59028K, reserved 1099776K
  class space    used 7672K, capacity 8182K, committed 8192K, reserved 1048576K
}
Event: 53.187 GC heap before
{Heap before GC invocations=17 (full 3):
 PSYoungGen      total 218624K, used 15158K [0x00000000e0000000, 0x00000000eee80000, 0x0000000100000000)
  eden space 194048K, 0% used [0x00000000e0000000,0x00000000e0000000,0x00000000ebd80000)
  from space 24576K, 61% used [0x00000000ed680000,0x00000000ee54d888,0x00000000eee80000)
  to   space 25088K, 0% used [0x00000000ebd80000,0x00000000ebd80000,0x00000000ed600000)
 ParOldGen       total 106496K, used 31817K [0x00000000a0000000, 0x00000000a6800000, 0x00000000e0000000)
  object space 106496K, 29% used [0x00000000a0000000,0x00000000a1f127f0,0x00000000a6800000)
 Metaspace       used 56835K, capacity 58962K, committed 59028K, reserved 1099776K
  class space    used 7672K, capacity 8182K, committed 8192K, reserved 1048576K
Event: 53.378 GC heap after
Heap after GC invocations=17 (full 3):
 PSYoungGen      total 218624K, used 0K [0x00000000e0000000, 0x00000000eee80000, 0x0000000100000000)
  eden space 194048K, 0% used [0x00000000e0000000,0x00000000e0000000,0x00000000ebd80000)
  from space 24576K, 0% used [0x00000000ed680000,0x00000000ed680000,0x00000000eee80000)
  to   space 25088K, 0% used [0x00000000ebd80000,0x00000000ebd80000,0x00000000ed600000)
 ParOldGen       total 162304K, used 31522K [0x00000000a0000000, 0x00000000a9e80000, 0x00000000e0000000)
  object space 162304K, 19% used [0x00000000a0000000,0x00000000a1ec8b00,0x00000000a9e80000)
 Metaspace       used 56822K, capacity 58920K, committed 59028K, reserved 1099776K
  class space    used 7668K, capacity 8175K, committed 8192K, reserved 1048576K
}

