# JRE version: OpenJDK Runtime Environment (8.0_152-b01) (build 1.8.0_152-release-915-b01)
# Java VM: OpenJDK 64-Bit Server VM (25.152-b01 mixed mode windows-amd64 compressed oops)
Heap:
 PSYoungGen      total 132096K, used 70873K [0x00000000e0000000, 0x00000000eb300000, 0x0000000100000000)
  eden space 121856K, 49% used [0x00000000e0000000,0x00000000e3b5f950,0x00000000e7700000)
  from space 10240K, 98% used [0x00000000e7a00000,0x00000000e83d6b40,0x00000000e8400000)
  to   space 30720K, 0% used [0x00000000e9500000,0x00000000e9500000,0x00000000eb300000)
 ParOldGen       total 157696K, used 94162K [0x00000000a0000000, 0x00000000a9a00000, 0x00000000e0000000)
  object space 157696K, 59% used [0x00000000a0000000,0x00000000a5bf4a68,0x00000000a9a00000)
 Metaspace       used 82018K, capacity 91134K, committed 91480K, reserved 1128448K
  class space    used 10304K, capacity 12550K, committed 12672K, reserved 1048576K
GC Heap History (10 events):
Event: 14896.843 GC heap before
{Heap before GC invocations=80 (full 3):
 PSYoungGen      total 160768K, used 159834K [0x00000000e0000000, 0x00000000ebd00000, 0x0000000100000000)
  eden space 138240K, 99% used [0x00000000e0000000,0x00000000e86191d0,0x00000000e8700000)
  from space 22528K, 99% used [0x00000000ea180000,0x00000000eb77d688,0x00000000eb780000)
  to   space 27136K, 0% used [0x00000000e8700000,0x00000000e8700000,0x00000000ea180000)
 ParOldGen       total 157696K, used 82873K [0x00000000a0000000, 0x00000000a9a00000, 0x00000000e0000000)
  object space 157696K, 52% used [0x00000000a0000000,0x00000000a50ee598,0x00000000a9a00000)
 Metaspace       used 81766K, capacity 90762K, committed 90840K, reserved 1128448K
  class space    used 10278K, capacity 12470K, committed 12544K, reserved 1048576K
Event: 14896.873 GC heap after
Heap after GC invocations=80 (full 3):
 PSYoungGen      total 156160K, used 21470K [0x00000000e0000000, 0x00000000ebc80000, 0x0000000100000000)
  eden space 134656K, 0% used [0x00000000e0000000,0x00000000e0000000,0x00000000e8380000)
  from space 21504K, 99% used [0x00000000e8700000,0x00000000e9bf7918,0x00000000e9c00000)
  to   space 29184K, 0% used [0x00000000ea000000,0x00000000ea000000,0x00000000ebc80000)
 ParOldGen       total 157696K, used 89537K [0x00000000a0000000, 0x00000000a9a00000, 0x00000000e0000000)
  object space 157696K, 56% used [0x00000000a0000000,0x00000000a5770630,0x00000000a9a00000)
 Metaspace       used 81766K, capacity 90762K, committed 90840K, reserved 1128448K
  class space    used 10278K, capacity 12470K, committed 12544K, reserved 1048576K
}
Event: 14958.829 GC heap before
{Heap before GC invocations=81 (full 3):
 PSYoungGen      total 156160K, used 155993K [0x00000000e0000000, 0x00000000ebc80000, 0x0000000100000000)
  eden space 134656K, 99% used [0x00000000e0000000,0x00000000e835ed00,0x00000000e8380000)
  from space 21504K, 99% used [0x00000000e8700000,0x00000000e9bf7918,0x00000000e9c00000)
  to   space 29184K, 0% used [0x00000000ea000000,0x00000000ea000000,0x00000000ebc80000)
 ParOldGen       total 157696K, used 89537K [0x00000000a0000000, 0x00000000a9a00000, 0x00000000e0000000)
  object space 157696K, 56% used [0x00000000a0000000,0x00000000a5770630,0x00000000a9a00000)
 Metaspace       used 81851K, capacity 90950K, committed 91096K, reserved 1128448K
  class space    used 10291K, capacity 12510K, committed 12544K, reserved 1048576K
Event: 14958.847 GC heap after
Heap after GC invocations=81 (full 3):
 PSYoungGen      total 155648K, used 16494K [0x00000000e0000000, 0x00000000eb800000, 0x0000000100000000)
  eden space 131072K, 0% used [0x00000000e0000000,0x00000000e0000000,0x00000000e8000000)
  from space 24576K, 67% used [0x00000000ea000000,0x00000000eb01b938,0x00000000eb800000)
  to   space 28672K, 0% used [0x00000000e8000000,0x00000000e8000000,0x00000000e9c00000)
 ParOldGen       total 157696K, used 89545K [0x00000000a0000000, 0x00000000a9a00000, 0x00000000e0000000)
  object space 157696K, 56% used [0x00000000a0000000,0x00000000a5772630,0x00000000a9a00000)
 Metaspace       used 81851K, capacity 90950K, committed 91096K, reserved 1128448K
  class space    used 10291K, capacity 12510K, committed 12544K, reserved 1048576K
}
Event: 14960.604 GC heap before
{Heap before GC invocations=82 (full 3):
 PSYoungGen      total 155648K, used 147566K [0x00000000e0000000, 0x00000000eb800000, 0x0000000100000000)
  eden space 131072K, 100% used [0x00000000e0000000,0x00000000e8000000,0x00000000e8000000)
  from space 24576K, 67% used [0x00000000ea000000,0x00000000eb01b938,0x00000000eb800000)
  to   space 28672K, 0% used [0x00000000e8000000,0x00000000e8000000,0x00000000e9c00000)
 ParOldGen       total 157696K, used 89545K [0x00000000a0000000, 0x00000000a9a00000, 0x00000000e0000000)
  object space 157696K, 56% used [0x00000000a0000000,0x00000000a5772630,0x00000000a9a00000)
 Metaspace       used 81895K, capacity 91014K, committed 91096K, reserved 1128448K
  class space    used 10291K, capacity 12510K, committed 12544K, reserved 1048576K
Event: 14960.625 GC heap after
Heap after GC invocations=82 (full 3):
 PSYoungGen      total 156672K, used 28648K [0x00000000e0000000, 0x00000000ebd00000, 0x0000000100000000)
  eden space 128000K, 0% used [0x00000000e0000000,0x00000000e0000000,0x00000000e7d00000)
  from space 28672K, 99% used [0x00000000e8000000,0x00000000e9bfa160,0x00000000e9c00000)
  to   space 32768K, 0% used [0x00000000e9d00000,0x00000000e9d00000,0x00000000ebd00000)
 ParOldGen       total 157696K, used 90304K [0x00000000a0000000, 0x00000000a9a00000, 0x00000000e0000000)
  object space 157696K, 57% used [0x00000000a0000000,0x00000000a5830310,0x00000000a9a00000)
 Metaspace       used 81895K, capacity 91014K, committed 91096K, reserved 1128448K
  class space    used 10291K, capacity 12510K, committed 12544K, reserved 1048576K
}
Event: 14978.690 GC heap before
{Heap before GC invocations=83 (full 3):
 PSYoungGen      total 156672K, used 156492K [0x00000000e0000000, 0x00000000ebd00000, 0x0000000100000000)
  eden space 128000K, 99% used [0x00000000e0000000,0x00000000e7cd90a0,0x00000000e7d00000)
  from space 28672K, 99% used [0x00000000e8000000,0x00000000e9bfa160,0x00000000e9c00000)
  to   space 32768K, 0% used [0x00000000e9d00000,0x00000000e9d00000,0x00000000ebd00000)
 ParOldGen       total 157696K, used 90304K [0x00000000a0000000, 0x00000000a9a00000, 0x00000000e0000000)
  object space 157696K, 57% used [0x00000000a0000000,0x00000000a5830310,0x00000000a9a00000)
 Metaspace       used 81948K, capacity 91014K, committed 91096K, reserved 1128448K
  class space    used 10291K, capacity 12510K, committed 12544K, reserved 1048576K
Event: 14978.702 GC heap after
Heap after GC invocations=83 (full 3):
 PSYoungGen      total 151552K, used 14402K [0x00000000e0000000, 0x00000000eb700000, 0x0000000100000000)
  eden space 124928K, 0% used [0x00000000e0000000,0x00000000e0000000,0x00000000e7a00000)
  from space 26624K, 54% used [0x00000000e9d00000,0x00000000eab10a88,0x00000000eb700000)
  to   space 31232K, 0% used [0x00000000e7a00000,0x00000000e7a00000,0x00000000e9880000)
 ParOldGen       total 157696K, used 94162K [0x00000000a0000000, 0x00000000a9a00000, 0x00000000e0000000)
  object space 157696K, 59% used [0x00000000a0000000,0x00000000a5bf4a68,0x00000000a9a00000)
 Metaspace       used 81948K, capacity 91014K, committed 91096K, reserved 1128448K
  class space    used 10291K, capacity 12510K, committed 12544K, reserved 1048576K
}
Event: 16443.854 GC heap before
{Heap before GC invocations=84 (full 3):
 PSYoungGen      total 151552K, used 139330K [0x00000000e0000000, 0x00000000eb700000, 0x0000000100000000)
  eden space 124928K, 100% used [0x00000000e0000000,0x00000000e7a00000,0x00000000e7a00000)
  from space 26624K, 54% used [0x00000000e9d00000,0x00000000eab10a88,0x00000000eb700000)
  to   space 31232K, 0% used [0x00000000e7a00000,0x00000000e7a00000,0x00000000e9880000)
 ParOldGen       total 157696K, used 94162K [0x00000000a0000000, 0x00000000a9a00000, 0x00000000e0000000)
  object space 157696K, 59% used [0x00000000a0000000,0x00000000a5bf4a68,0x00000000a9a00000)
 Metaspace       used 82004K, capacity 91134K, committed 91480K, reserved 1128448K
  class space    used 10304K, capacity 12550K, committed 12672K, reserved 1048576K
Event: 16443.869 GC heap after
Heap after GC invocations=84 (full 3):
 PSYoungGen      total 132096K, used 10074K [0x00000000e0000000, 0x00000000eb300000, 0x0000000100000000)
  eden space 121856K, 0% used [0x00000000e0000000,0x00000000e0000000,0x00000000e7700000)
  from space 10240K, 98% used [0x00000000e7a00000,0x00000000e83d6b40,0x00000000e8400000)
  to   space 30720K, 0% used [0x00000000e9500000,0x00000000e9500000,0x00000000eb300000)
 ParOldGen       total 157696K, used 94162K [0x00000000a0000000, 0x00000000a9a00000, 0x00000000e0000000)
  object space 157696K, 59% used [0x00000000a0000000,0x00000000a5bf4a68,0x00000000a9a00000)
 Metaspace       used 82004K, capacity 91134K, committed 91480K, reserved 1128448K
  class space    used 10304K, capacity 12550K, committed 12672K, reserved 1048576K
}

